2025-02-02 11:19:04 [[32minfo[39m]: GET /
2025-02-02 11:19:05 [[32minfo[39m]: GET /favicon.ico
2025-02-02 11:41:54 [[32minfo[39m]: GET /
2025-02-02 11:45:07 [[32minfo[39m]: POST /email-service/emails
2025-02-02 11:48:58 [[32minfo[39m]: POST /email-service/emails
2025-02-02 11:49:23 [[32minfo[39m]: GET /email-service/emails
2025-02-02 11:49:30 [[32minfo[39m]: GET /
2025-02-02 11:50:05 [[32minfo[39m]: GET /
2025-02-02 11:51:53 [[32minfo[39m]: GET /
2025-02-02 11:52:20 [[32minfo[39m]: GET /
2025-02-02 11:52:54 [[32minfo[39m]: GET /
2025-02-02 11:53:28 [[32minfo[39m]: GET /
2025-02-02 11:53:37 [[32minfo[39m]: POST /email-service/emails
2025-02-02 12:00:50 [[32minfo[39m]: POST /email-service/emails
2025-02-02 12:01:45 [[32minfo[39m]: POST /email-service/emails
2025-02-02 12:05:43 [[32minfo[39m]: GET /
2025-02-02 12:05:46 [[32minfo[39m]: POST /email-service/emails
2025-02-02 12:06:38 [[32minfo[39m]: POST /email-service/emails
2025-02-02 12:24:00 [[32minfo[39m]: GET /
2025-02-02 12:24:03 [[32minfo[39m]: GET /email-service/emails
2025-02-02 12:24:26 [[32minfo[39m]: POST /email-service/emails
2025-02-02 12:26:34 [[32minfo[39m]: POST /email-service/emails
2025-02-02 12:26:46 [[32minfo[39m]: GET /email-service/emails
2025-02-02 12:30:22 [[32minfo[39m]: GET /email-service/emails
2025-02-02 12:30:28 [[32minfo[39m]: GET /email-service/emails
2025-02-12 18:50:36 [[32minfo[39m]: GET /
2025-02-12 18:50:37 [[32minfo[39m]: GET /favicon.ico
2025-02-12 18:52:30 [[32minfo[39m]: GET /
2025-02-12 18:53:13 [[32minfo[39m]: GET /email-service
2025-02-12 18:53:20 [[32minfo[39m]: POST /email-service
2025-02-12 18:58:39 [[32minfo[39m]: POST /email-service
2025-02-12 19:00:01 [[32minfo[39m]: POST /email-service
2025-02-12 19:04:02 [[32minfo[39m]: POST /email-service
2025-02-13 13:04:30 [[32minfo[39m]: POST /email-service
2025-02-13 13:09:46 [[32minfo[39m]: POST /email-service
2025-02-13 13:10:20 [[32minfo[39m]: POST /email-service
2025-02-13 13:29:07 [[32minfo[39m]: OPTIONS /email-service
2025-02-13 13:29:07 [[32minfo[39m]: POST /email-service
2025-02-13 13:38:30 [[32minfo[39m]: OPTIONS /email-service
2025-02-13 13:38:30 [[32minfo[39m]: POST /email-service
2025-02-13 13:39:07 [[32minfo[39m]: OPTIONS /email-service
2025-02-13 13:39:07 [[32minfo[39m]: POST /email-service
2025-02-13 13:40:07 [[32minfo[39m]: OPTIONS /email-service
2025-02-13 13:40:07 [[32minfo[39m]: POST /email-service
2025-02-13 13:52:25 [[32minfo[39m]: OPTIONS /email-service
2025-02-13 13:52:25 [[32minfo[39m]: POST /email-service
2025-02-13 14:08:56 [[32minfo[39m]: OPTIONS /email-service
2025-02-13 14:08:56 [[32minfo[39m]: POST /email-service
2025-02-13 14:13:17 [[32minfo[39m]: OPTIONS /email-service
2025-02-13 14:13:17 [[32minfo[39m]: POST /email-service
2025-02-13 14:14:16 [[32minfo[39m]: OPTIONS /email-service
2025-02-13 14:14:16 [[32minfo[39m]: POST /email-service
2025-02-13 14:16:58 [[32minfo[39m]: OPTIONS /email-service
2025-02-13 14:16:58 [[32minfo[39m]: POST /email-service
2025-02-13 14:25:55 [[32minfo[39m]: OPTIONS /email-service
2025-02-13 14:25:55 [[32minfo[39m]: POST /email-service
2025-02-13 14:32:31 [[32minfo[39m]: OPTIONS /email-service
2025-02-13 14:32:31 [[32minfo[39m]: POST /email-service
2025-02-13 14:34:44 [[32minfo[39m]: OPTIONS /email-service
2025-02-13 14:34:44 [[32minfo[39m]: POST /email-service
2025-02-13 14:36:06 [[32minfo[39m]: OPTIONS /email-service
2025-02-13 14:36:06 [[32minfo[39m]: POST /email-service
2025-02-13 14:37:53 [[32minfo[39m]: OPTIONS /email-service
2025-02-13 14:37:53 [[32minfo[39m]: POST /email-service
2025-02-13 14:38:43 [[32minfo[39m]: OPTIONS /email-service
2025-02-13 14:38:43 [[32minfo[39m]: POST /email-service
2025-02-13 14:39:27 [[32minfo[39m]: OPTIONS /email-service
2025-02-13 14:39:27 [[32minfo[39m]: POST /email-service
2025-02-13 14:40:42 [[32minfo[39m]: OPTIONS /email-service
2025-02-13 14:40:42 [[32minfo[39m]: POST /email-service
2025-02-13 14:41:14 [[32minfo[39m]: OPTIONS /email-service
2025-02-13 14:41:14 [[32minfo[39m]: POST /email-service
2025-02-13 14:54:22 [[32minfo[39m]: OPTIONS /email-service
2025-02-13 14:54:22 [[32minfo[39m]: POST /email-service
2025-02-13 14:56:37 [[32minfo[39m]: OPTIONS /email-service
2025-02-13 14:56:37 [[32minfo[39m]: POST /email-service
2025-02-13 15:00:00 [[32minfo[39m]: OPTIONS /email-service
2025-02-13 15:00:00 [[32minfo[39m]: POST /email-service
2025-02-13 15:00:51 [[32minfo[39m]: OPTIONS /email-service
2025-02-13 15:00:51 [[32minfo[39m]: POST /email-service
